#
# There is insufficient memory for the Java Runtime Environment to continue.
# Native memory allocation (mmap) failed to map 305135616 bytes for G1 virtual space
# Possible reasons:
#   The system is out of physical RAM or swap space
#   The process is running with CompressedOops enabled, and the Java Heap may be blocking the growth of the native heap
# Possible solutions:
#   Reduce memory load on the system
#   Increase physical memory or swap space
#   Check if swap backing store is full
#   Decrease Java heap size (-Xmx/-Xms)
#   Decrease number of Java threads
#   Decrease Java thread stack sizes (-Xss)
#   Set larger code cache with -XX:ReservedCodeCacheSize=
#   JVM is running with Unscaled Compressed Oops mode in which the Java heap is
#     placed in the first 4GB address space. The Java Heap base address is the
#     maximum limit for the native heap growth. Please use -XX:HeapBaseMinAddress
#     to set the Java Heap base and to place the Java Heap above 4GB virtual address.
# This output file may be truncated or incomplete.
#
#  Out of Memory Error (os_windows.cpp:3469), pid=12116, tid=13216
#
# JRE version: Java(TM) SE Runtime Environment (17.0.1+12) (build 17.0.1+12-LTS-39)
# Java VM: Java HotSpot(TM) 64-Bit Server VM (17.0.1+12-LTS-39, mixed mode, emulated-client, sharing, tiered, compressed oops, compressed class ptrs, g1 gc, windows-amd64)
# No core dump will be written. Minidumps are not enabled by default on client versions of Windows
#

---------------  S U M M A R Y ------------

Command Line: -XX:TieredStopAtLevel=1 -Dspring.output.ansi.enabled=always -Dcom.sun.management.jmxremote -Dspring.jmx.enabled=true -Dspring.liveBeansView.mbeanDomain -Dspring.application.admin.enabled=true -Dmanagement.endpoints.jmx.exposure.include=* -javaagent:C:\Program Files\JetBrains\IntelliJ IDEA 2025.1\lib\idea_rt.jar=56958 -Dfile.encoding=UTF-8 apartmentsmanager.apartmentsmanager.ApartmentsManagerApplication

Host: Intel(R) Core(TM) i5-8250U CPU @ 1.60GHz, 8 cores, 7G,  Windows 10 , 64 bit Build 22621 (10.0.22621.5262)
Time: Fri Dec 26 15:47:37 2025 Central Europe Standard Time elapsed time: 3161.116847 seconds (0d 0h 52m 41s)

---------------  T H R E A D  ---------------

Current thread (0x000002552ddfa330):  VMThread "VM Thread" [stack: 0x00000090b5b00000,0x00000090b5c00000] [id=13216]

Stack: [0x00000090b5b00000,0x00000090b5c00000]
Native frames: (J=compiled Java code, j=interpreted, Vv=VM code, C=native code)
V  [jvm.dll+0x66fa1a]
V  [jvm.dll+0x7ce5a4]
V  [jvm.dll+0x7cfd4e]
V  [jvm.dll+0x7d03b3]
V  [jvm.dll+0x242b05]
V  [jvm.dll+0x66ca39]
V  [jvm.dll+0x661502]
V  [jvm.dll+0x30081b]
V  [jvm.dll+0x307da6]
V  [jvm.dll+0x357a1e]
V  [jvm.dll+0x357c4f]
V  [jvm.dll+0x2d7ad8]
V  [jvm.dll+0x2d5da4]
V  [jvm.dll+0x2d53ac]
V  [jvm.dll+0x318d0b]
V  [jvm.dll+0x7d484b]
V  [jvm.dll+0x7d5584]
V  [jvm.dll+0x7d5a9c]
V  [jvm.dll+0x7d5e74]
V  [jvm.dll+0x7d5f40]
V  [jvm.dll+0x77e91a]
V  [jvm.dll+0x66e845]
C  [ucrtbase.dll+0x29333]
C  [KERNEL32.DLL+0x1259d]
C  [ntdll.dll+0x5af58]

VM_Operation (0x00000090b81f4810): G1CollectForAllocation, mode: safepoint, requested by thread 0x00000255325d40a0


---------------  P R O C E S S  ---------------

Threads class SMR info:
_java_thread_list=0x0000025535ad81f0, length=34, elements={
0x000002552ddfdf20, 0x000002552de01db0, 0x000002552de117f0, 0x000002552de12660,
0x000002552de16130, 0x000002552de16ae0, 0x000002552de17540, 0x000002552de24870,
0x000002552de8e340, 0x000002552ed4d6e0, 0x000002552ed4dbb0, 0x000002552eee0420,
0x000002552f0a11d0, 0x000002552f0bfd00, 0x00000255325d2d60, 0x00000255325d4570,
0x0000025535e5a530, 0x0000025535e596c0, 0x0000025535e5a060, 0x0000025535e57510,
0x0000025535e57eb0, 0x0000025535e58380, 0x0000025535e59b90, 0x0000025535e58850,
0x0000025535e58d20, 0x00000255325d0bb0, 0x00000255325d40a0, 0x00000255325d1080,
0x00000255325d0210, 0x00000255325d2890, 0x00000255325d3230, 0x00000255325d1a20,
0x00000255325d1ef0, 0x00000255325d4f10
}

Java Threads: ( => current thread )
  0x000002552ddfdf20 JavaThread "Reference Handler" daemon [_thread_blocked, id=9236, stack(0x00000090b5c00000,0x00000090b5d00000)]
  0x000002552de01db0 JavaThread "Finalizer" daemon [_thread_blocked, id=7512, stack(0x00000090b5d00000,0x00000090b5e00000)]
  0x000002552de117f0 JavaThread "Signal Dispatcher" daemon [_thread_blocked, id=6716, stack(0x00000090b5e00000,0x00000090b5f00000)]
  0x000002552de12660 JavaThread "Attach Listener" daemon [_thread_blocked, id=5996, stack(0x00000090b5f00000,0x00000090b6000000)]
  0x000002552de16130 JavaThread "Service Thread" daemon [_thread_blocked, id=9176, stack(0x00000090b6000000,0x00000090b6100000)]
  0x000002552de16ae0 JavaThread "Monitor Deflation Thread" daemon [_thread_blocked, id=2440, stack(0x00000090b6100000,0x00000090b6200000)]
  0x000002552de17540 JavaThread "C1 CompilerThread0" daemon [_thread_blocked, id=12664, stack(0x00000090b6200000,0x00000090b6300000)]
  0x000002552de24870 JavaThread "Sweeper thread" daemon [_thread_blocked, id=11140, stack(0x00000090b6300000,0x00000090b6400000)]
  0x000002552de8e340 JavaThread "Common-Cleaner" daemon [_thread_blocked, id=10708, stack(0x00000090b6400000,0x00000090b6500000)]
  0x000002552ed4d6e0 JavaThread "Monitor Ctrl-Break" daemon [_thread_in_native, id=8852, stack(0x00000090b6700000,0x00000090b6800000)]
  0x000002552ed4dbb0 JavaThread "Notification Thread" daemon [_thread_blocked, id=19032, stack(0x00000090b6800000,0x00000090b6900000)]
  0x000002552eee0420 JavaThread "RMI TCP Accept-0" daemon [_thread_in_native, id=19324, stack(0x00000090b6900000,0x00000090b6a00000)]
  0x000002552f0a11d0 JavaThread "RMI Scheduler(0)" daemon [_thread_blocked, id=13624, stack(0x00000090b6c00000,0x00000090b6d00000)]
  0x000002552f0bfd00 JavaThread "JMX server connection timeout 20" daemon [_thread_blocked, id=13268, stack(0x00000090b6d00000,0x00000090b6e00000)]
  0x00000255325d2d60 JavaThread "mysql-cj-abandoned-connection-cleanup" daemon [_thread_blocked, id=17504, stack(0x00000090b7d00000,0x00000090b7e00000)]
  0x00000255325d4570 JavaThread "DestroyJavaVM" [_thread_blocked, id=16076, stack(0x00000090b5500000,0x00000090b5600000)]
  0x0000025535e5a530 JavaThread "RMI TCP Connection(10)-192.168.0.40" daemon [_thread_blocked, id=18852, stack(0x00000090b5200000,0x00000090b5300000)]
  0x0000025535e596c0 JavaThread "Catalina-utility-1" [_thread_blocked, id=12204, stack(0x00000090b6a00000,0x00000090b6b00000)]
  0x0000025535e5a060 JavaThread "Catalina-utility-2" [_thread_blocked, id=11260, stack(0x00000090b7600000,0x00000090b7700000)]
  0x0000025535e57510 JavaThread "container-0" [_thread_blocked, id=19652, stack(0x00000090b7800000,0x00000090b7900000)]
  0x0000025535e57eb0 JavaThread "HikariPool-19:housekeeper" daemon [_thread_blocked, id=21476, stack(0x00000090b7c00000,0x00000090b7d00000)]
  0x0000025535e58380 JavaThread "File Watcher" daemon [_thread_blocked, id=19732, stack(0x00000090b7900000,0x00000090b7a00000)]
  0x0000025535e59b90 JavaThread "http-nio-8080-exec-1" daemon [_thread_blocked, id=15136, stack(0x00000090b7b00000,0x00000090b7c00000)]
  0x0000025535e58850 JavaThread "http-nio-8080-exec-2" daemon [_thread_blocked, id=10656, stack(0x00000090b7e00000,0x00000090b7f00000)]
  0x0000025535e58d20 JavaThread "http-nio-8080-exec-3" daemon [_thread_blocked, id=19892, stack(0x00000090b7f00000,0x00000090b8000000)]
  0x00000255325d0bb0 JavaThread "http-nio-8080-exec-4" daemon [_thread_blocked, id=11288, stack(0x00000090b8000000,0x00000090b8100000)]
  0x00000255325d40a0 JavaThread "http-nio-8080-exec-5" daemon [_thread_blocked, id=18600, stack(0x00000090b8100000,0x00000090b8200000)]
  0x00000255325d1080 JavaThread "http-nio-8080-exec-6" daemon [_thread_blocked, id=11976, stack(0x00000090b8200000,0x00000090b8300000)]
  0x00000255325d0210 JavaThread "http-nio-8080-exec-7" daemon [_thread_blocked, id=9188, stack(0x00000090b8300000,0x00000090b8400000)]
  0x00000255325d2890 JavaThread "http-nio-8080-exec-8" daemon [_thread_blocked, id=19856, stack(0x00000090b8400000,0x00000090b8500000)]
  0x00000255325d3230 JavaThread "http-nio-8080-exec-9" daemon [_thread_blocked, id=20948, stack(0x00000090b8500000,0x00000090b8600000)]
  0x00000255325d1a20 JavaThread "http-nio-8080-exec-10" daemon [_thread_blocked, id=20100, stack(0x00000090b8600000,0x00000090b8700000)]
  0x00000255325d1ef0 JavaThread "http-nio-8080-Poller" daemon [_thread_in_native, id=21404, stack(0x00000090b8700000,0x00000090b8800000)]
  0x00000255325d4f10 JavaThread "http-nio-8080-Acceptor" daemon [_thread_in_native, id=21076, stack(0x00000090b8800000,0x00000090b8900000)]

Other Threads:
=>0x000002552ddfa330 VMThread "VM Thread" [stack: 0x00000090b5b00000,0x00000090b5c00000] [id=13216]
  0x000002551bf67550 WatcherThread [stack: 0x00000090b6b00000,0x00000090b6c00000] [id=13264]
  0x000002551bfa8030 GCTaskThread "GC Thread#0" [stack: 0x00000090b5600000,0x00000090b5700000] [id=5348]
  0x000002552f163a30 GCTaskThread "GC Thread#1" [stack: 0x00000090b6e00000,0x00000090b6f00000] [id=10248]
  0x000002552f279790 GCTaskThread "GC Thread#2" [stack: 0x00000090b6f00000,0x00000090b7000000] [id=17272]
  0x000002552f2ad270 GCTaskThread "GC Thread#3" [stack: 0x00000090b7000000,0x00000090b7100000] [id=12616]
  0x000002552f2ad520 GCTaskThread "GC Thread#4" [stack: 0x00000090b7100000,0x00000090b7200000] [id=14832]
  0x000002552f2ad7d0 GCTaskThread "GC Thread#5" [stack: 0x00000090b7200000,0x00000090b7300000] [id=13092]
  0x000002552f2ada80 GCTaskThread "GC Thread#6" [stack: 0x00000090b7300000,0x00000090b7400000] [id=952]
  0x000002552f2b5d40 GCTaskThread "GC Thread#7" [stack: 0x00000090b7400000,0x00000090b7500000] [id=7976]
  0x000002551bfb8bf0 ConcurrentGCThread "G1 Main Marker" [stack: 0x00000090b5700000,0x00000090b5800000] [id=17284]
  0x000002551bfbadb0 ConcurrentGCThread "G1 Conc#0" [stack: 0x00000090b5800000,0x00000090b5900000] [id=3640]
  0x000002553038e590 ConcurrentGCThread "G1 Conc#1" [stack: 0x00000090b7a00000,0x00000090b7b00000] [id=9116]
  0x000002552dcb40c0 ConcurrentGCThread "G1 Refine#0" [stack: 0x00000090b5900000,0x00000090b5a00000] [id=18344]
  0x000002552f29b920 ConcurrentGCThread "G1 Refine#1" [stack: 0x00000090b7500000,0x00000090b7600000] [id=10772]
  0x000002552dcb49f0 ConcurrentGCThread "G1 Service" [stack: 0x00000090b5a00000,0x00000090b5b00000] [id=19396]

Threads with active compile tasks:

VM state: at safepoint (normal execution)

VM Mutex/Monitor currently owned by a thread:  ([mutex/lock_event])
[0x000002551bf63000] Threads_lock - owner thread: 0x000002552ddfa330
[0x000002551bf62040] Heap_lock - owner thread: 0x00000255325d40a0

Heap address: 0x0000000081c00000, size: 2020 MB, Compressed Oops mode: 32-bit

CDS archive(s) mapped at: [0x0000000800000000-0x0000000800bc0000-0x0000000800bc0000), size 12320768, SharedBaseAddress: 0x0000000800000000, ArchiveRelocationMode: 0.
Compressed class space mapped at: 0x0000000800c00000-0x0000000840c00000, reserved size: 1073741824
Narrow klass base: 0x0000000800000000, Narrow klass shift: 0, Narrow klass range: 0x100000000

GC Precious Log:
 CPUs: 8 total, 8 available
 Memory: 8078M
 Large Page Support: Disabled
 NUMA Support: Disabled
 Compressed Oops: Enabled (32-bit)
 Heap Region Size: 1M
 Heap Min Capacity: 8M
 Heap Initial Capacity: 128M
 Heap Max Capacity: 2020M
 Pre-touch: Disabled
 Parallel Workers: 8
 Concurrent Workers: 2
 Concurrent Refinement Workers: 8
 Periodic GC: Disabled

Heap:
 garbage-first heap   total 150528K, used 57611K [0x0000000081c00000, 0x0000000100000000)
  region size 1024K, 1 young (1024K), 1 survivors (1024K)
 Metaspace       used 98808K, committed 102528K, reserved 1155072K
  class space    used 14107K, committed 15552K, reserved 1048576K

Heap Regions: E=young(eden), S=young(survivor), O=old, HS=humongous(starts), HC=humongous(continues), CS=collection set, F=free, OA=open archive, CA=closed archive, TAMS=top-at-mark-start (previous, next)
|   0|0x0000000081c00000, 0x0000000081d00000, 0x0000000081d00000|100%|HS|  |TAMS 0x0000000081d00000, 0x0000000081c00000| Untracked 
|   1|0x0000000081d00000, 0x0000000081e00000, 0x0000000081e00000|100%|HS|  |TAMS 0x0000000081e00000, 0x0000000081d00000| Untracked 
|   2|0x0000000081e00000, 0x0000000081f00000, 0x0000000081f00000|100%| O|  |TAMS 0x0000000081f00000, 0x0000000081e00000| Untracked 
|   3|0x0000000081f00000, 0x0000000082000000, 0x0000000082000000|100%| O|  |TAMS 0x0000000082000000, 0x0000000081f00000| Untracked 
|   4|0x0000000082000000, 0x00000000820fffb8, 0x0000000082100000| 99%| O|  |TAMS 0x00000000820fffb8, 0x0000000082000000| Untracked 
|   5|0x0000000082100000, 0x0000000082200000, 0x0000000082200000|100%| O|  |TAMS 0x0000000082200000, 0x0000000082100000| Untracked 
|   6|0x0000000082200000, 0x00000000822ffff0, 0x0000000082300000| 99%| O|  |TAMS 0x00000000822ffff0, 0x0000000082200000| Untracked 
|   7|0x0000000082300000, 0x00000000823ffff0, 0x0000000082400000| 99%| O|  |TAMS 0x00000000823ffff0, 0x0000000082300000| Untracked 
|   8|0x0000000082400000, 0x00000000824ffff0, 0x0000000082500000| 99%| O|  |TAMS 0x00000000824ffff0, 0x0000000082400000| Untracked 
|   9|0x0000000082500000, 0x00000000825fff90, 0x0000000082600000| 99%| O|  |TAMS 0x00000000825fff90, 0x0000000082500000| Untracked 
|  10|0x0000000082600000, 0x00000000826ffff0, 0x0000000082700000| 99%| O|  |TAMS 0x00000000826ffff0, 0x0000000082600000| Untracked 
|  11|0x0000000082700000, 0x00000000827fffb8, 0x0000000082800000| 99%| O|  |TAMS 0x00000000827fffb8, 0x0000000082700000| Untracked 
|  12|0x0000000082800000, 0x00000000828ffff8, 0x0000000082900000| 99%| O|  |TAMS 0x0000000082800000, 0x0000000082800000| Untracked 
|  13|0x0000000082900000, 0x00000000829fffc0, 0x0000000082a00000| 99%| O|  |TAMS 0x0000000082900000, 0x0000000082900000| Untracked 
|  14|0x0000000082a00000, 0x0000000082afffe8, 0x0000000082b00000| 99%| O|  |TAMS 0x0000000082a00000, 0x0000000082a00000| Untracked 
|  15|0x0000000082b00000, 0x0000000082bffff0, 0x0000000082c00000| 99%| O|  |TAMS 0x0000000082b00000, 0x0000000082b00000| Untracked 
|  16|0x0000000082c00000, 0x0000000082cfffb8, 0x0000000082d00000| 99%| O|  |TAMS 0x0000000082c00000, 0x0000000082c00000| Untracked 
|  17|0x0000000082d00000, 0x0000000082dfffd8, 0x0000000082e00000| 99%| O|  |TAMS 0x0000000082d00000, 0x0000000082d00000| Untracked 
|  18|0x0000000082e00000, 0x0000000082effff0, 0x0000000082f00000| 99%| O|  |TAMS 0x0000000082e00000, 0x0000000082e00000| Untracked 
|  19|0x0000000082f00000, 0x0000000082fffff8, 0x0000000083000000| 99%| O|  |TAMS 0x0000000082f00000, 0x0000000082f00000| Untracked 
|  20|0x0000000083000000, 0x00000000830ffff8, 0x0000000083100000| 99%| O|  |TAMS 0x0000000083000000, 0x0000000083000000| Untracked 
|  21|0x0000000083100000, 0x00000000831ffff0, 0x0000000083200000| 99%| O|  |TAMS 0x0000000083100000, 0x0000000083100000| Untracked 
|  22|0x0000000083200000, 0x00000000832fffe8, 0x0000000083300000| 99%| O|  |TAMS 0x0000000083200000, 0x0000000083200000| Untracked 
|  23|0x0000000083300000, 0x00000000833ffec8, 0x0000000083400000| 99%| O|  |TAMS 0x00000000833ffec8, 0x0000000083300000| Untracked 
|  24|0x0000000083400000, 0x00000000834ff8c0, 0x0000000083500000| 99%| O|  |TAMS 0x00000000834ff8c0, 0x0000000083400000| Untracked 
|  25|0x0000000083500000, 0x0000000083600000, 0x0000000083600000|100%| O|  |TAMS 0x0000000083500000, 0x0000000083500000| Untracked 
|  26|0x0000000083600000, 0x00000000836ffff8, 0x0000000083700000| 99%| O|  |TAMS 0x0000000083600000, 0x0000000083600000| Untracked 
|  27|0x0000000083700000, 0x0000000083800000, 0x0000000083800000|100%| O|  |TAMS 0x0000000083800000, 0x0000000083700000| Untracked 
|  28|0x0000000083800000, 0x0000000083900000, 0x0000000083900000|100%| O|  |TAMS 0x0000000083800000, 0x0000000083800000| Untracked 
|  29|0x0000000083900000, 0x00000000839ffff8, 0x0000000083a00000| 99%| O|  |TAMS 0x0000000083900000, 0x0000000083900000| Untracked 
|  30|0x0000000083a00000, 0x0000000083affff0, 0x0000000083b00000| 99%| O|  |TAMS 0x0000000083a00000, 0x0000000083a00000| Untracked 
|  31|0x0000000083b00000, 0x0000000083bfffd0, 0x0000000083c00000| 99%| O|  |TAMS 0x0000000083b00000, 0x0000000083b00000| Untracked 
|  32|0x0000000083c00000, 0x0000000083d00000, 0x0000000083d00000|100%| O|  |TAMS 0x0000000083c00000, 0x0000000083c00000| Untracked 
|  33|0x0000000083d00000, 0x0000000083dfffe0, 0x0000000083e00000| 99%| O|  |TAMS 0x0000000083d00000, 0x0000000083d00000| Untracked 
|  34|0x0000000083e00000, 0x0000000083f00000, 0x0000000083f00000|100%| O|  |TAMS 0x0000000083e00000, 0x0000000083e00000| Untracked 
|  35|0x0000000083f00000, 0x0000000083fff838, 0x0000000084000000| 99%| O|  |TAMS 0x0000000083f00000, 0x0000000083f00000| Untracked 
|  36|0x0000000084000000, 0x00000000840fffd8, 0x0000000084100000| 99%| O|  |TAMS 0x0000000084000000, 0x0000000084000000| Untracked 
|  37|0x0000000084100000, 0x00000000841f91c0, 0x0000000084200000| 97%| O|  |TAMS 0x0000000084100000, 0x0000000084100000| Untracked 
|  38|0x0000000084200000, 0x00000000842fff28, 0x0000000084300000| 99%| O|  |TAMS 0x0000000084200000, 0x0000000084200000| Untracked 
|  39|0x0000000084300000, 0x0000000084322530, 0x0000000084400000| 13%| O|  |TAMS 0x0000000084300000, 0x0000000084300000| Untracked 
|  40|0x0000000084400000, 0x0000000084491ee0, 0x0000000084500000| 57%| O|  |TAMS 0x0000000084400000, 0x0000000084400000| Untracked 
|  41|0x0000000084500000, 0x0000000084600000, 0x0000000084600000|100%| O|  |TAMS 0x0000000084500000, 0x0000000084500000| Untracked 
|  42|0x0000000084600000, 0x0000000084700000, 0x0000000084700000|100%| O|  |TAMS 0x0000000084600000, 0x0000000084600000| Untracked 
|  43|0x0000000084700000, 0x000000008473b638, 0x0000000084800000| 23%| O|  |TAMS 0x0000000084700000, 0x0000000084700000| Untracked 
|  44|0x0000000084800000, 0x0000000084900000, 0x0000000084900000|100%| O|  |TAMS 0x0000000084800000, 0x0000000084800000| Untracked 
|  45|0x0000000084900000, 0x00000000849e2888, 0x0000000084a00000| 88%| O|  |TAMS 0x0000000084900000, 0x0000000084900000| Untracked 
|  46|0x0000000084a00000, 0x0000000084b00000, 0x0000000084b00000|100%| O|  |TAMS 0x0000000084a00000, 0x0000000084a00000| Untracked 
|  47|0x0000000084b00000, 0x0000000084c00000, 0x0000000084c00000|100%| O|  |TAMS 0x0000000084b00000, 0x0000000084b00000| Untracked 
|  48|0x0000000084c00000, 0x0000000084d00000, 0x0000000084d00000|100%| O|  |TAMS 0x0000000084c00000, 0x0000000084c00000| Untracked 
|  49|0x0000000084d00000, 0x0000000084e00000, 0x0000000084e00000|100%| O|  |TAMS 0x0000000084d00000, 0x0000000084d00000| Untracked 
|  50|0x0000000084e00000, 0x0000000084f00000, 0x0000000084f00000|100%| O|  |TAMS 0x0000000084e00000, 0x0000000084e00000| Untracked 
|  51|0x0000000084f00000, 0x0000000085000000, 0x0000000085000000|100%| O|  |TAMS 0x0000000084f00000, 0x0000000084f00000| Untracked 
|  52|0x0000000085000000, 0x0000000085100000, 0x0000000085100000|100%| O|  |TAMS 0x0000000085000000, 0x0000000085000000| Untracked 
|  53|0x0000000085100000, 0x000000008515ae28, 0x0000000085200000| 35%| O|  |TAMS 0x0000000085100000, 0x0000000085100000| Untracked 
|  54|0x0000000085200000, 0x0000000085300000, 0x0000000085300000|100%| O|  |TAMS 0x0000000085200000, 0x0000000085200000| Untracked 
|  55|0x0000000085300000, 0x0000000085400000, 0x0000000085400000|100%| O|  |TAMS 0x0000000085300000, 0x0000000085300000| Untracked 
|  56|0x0000000085400000, 0x0000000085500000, 0x0000000085500000|100%| O|  |TAMS 0x0000000085400000, 0x0000000085400000| Untracked 
|  57|0x0000000085500000, 0x0000000085600000, 0x0000000085600000|100%| O|  |TAMS 0x0000000085500000, 0x0000000085500000| Untracked 
|  58|0x0000000085600000, 0x00000000856e3200, 0x0000000085700000| 88%| O|  |TAMS 0x0000000085600000, 0x0000000085600000| Untracked 
|  59|0x0000000085700000, 0x0000000085700000, 0x0000000085800000|  0%| F|  |TAMS 0x0000000085700000, 0x0000000085700000| Untracked 
|  60|0x0000000085800000, 0x0000000085800000, 0x0000000085900000|  0%| F|  |TAMS 0x0000000085800000, 0x0000000085800000| Untracked 
|  61|0x0000000085900000, 0x0000000085900000, 0x0000000085a00000|  0%| F|  |TAMS 0x0000000085900000, 0x0000000085900000| Untracked 
|  62|0x0000000085a00000, 0x0000000085a00000, 0x0000000085b00000|  0%| F|  |TAMS 0x0000000085a00000, 0x0000000085a00000| Untracked 
|  63|0x0000000085b00000, 0x0000000085b00000, 0x0000000085c00000|  0%| F|  |TAMS 0x0000000085b00000, 0x0000000085b00000| Untracked 
|  64|0x0000000085c00000, 0x0000000085c00000, 0x0000000085d00000|  0%| F|  |TAMS 0x0000000085c00000, 0x0000000085c00000| Untracked 
|  65|0x0000000085d00000, 0x0000000085d00000, 0x0000000085e00000|  0%| F|  |TAMS 0x0000000085d00000, 0x0000000085d00000| Untracked 
|  66|0x0000000085e00000, 0x0000000085e00000, 0x0000000085f00000|  0%| F|  |TAMS 0x0000000085e00000, 0x0000000085e00000| Untracked 
|  67|0x0000000085f00000, 0x0000000085f00000, 0x0000000086000000|  0%| F|  |TAMS 0x0000000085f00000, 0x0000000085f00000| Untracked 
|  68|0x0000000086000000, 0x0000000086000000, 0x0000000086100000|  0%| F|  |TAMS 0x0000000086000000, 0x0000000086000000| Untracked 
|  69|0x0000000086100000, 0x0000000086100000, 0x0000000086200000|  0%| F|  |TAMS 0x0000000086100000, 0x0000000086100000| Untracked 
|  70|0x0000000086200000, 0x0000000086200000, 0x0000000086300000|  0%| F|  |TAMS 0x0000000086200000, 0x0000000086200000| Untracked 
|  71|0x0000000086300000, 0x0000000086300000, 0x0000000086400000|  0%| F|  |TAMS 0x0000000086300000, 0x0000000086300000| Untracked 
|  72|0x0000000086400000, 0x0000000086400000, 0x0000000086500000|  0%| F|  |TAMS 0x0000000086400000, 0x0000000086400000| Untracked 
|  73|0x0000000086500000, 0x0000000086500000, 0x0000000086600000|  0%| F|  |TAMS 0x0000000086500000, 0x0000000086500000| Untracked 
|  74|0x0000000086600000, 0x0000000086600000, 0x0000000086700000|  0%| F|  |TAMS 0x0000000086600000, 0x0000000086600000| Untracked 
|  75|0x0000000086700000, 0x0000000086700000, 0x0000000086800000|  0%| F|  |TAMS 0x0000000086700000, 0x0000000086700000| Untracked 
|  76|0x0000000086800000, 0x0000000086800000, 0x0000000086900000|  0%| F|  |TAMS 0x0000000086800000, 0x0000000086800000| Untracked 
|  77|0x0000000086900000, 0x0000000086900000, 0x0000000086a00000|  0%| F|  |TAMS 0x0000000086900000, 0x0000000086900000| Untracked 
|  78|0x0000000086a00000, 0x0000000086a00000, 0x0000000086b00000|  0%| F|  |TAMS 0x0000000086a00000, 0x0000000086a00000| Untracked 
|  79|0x0000000086b00000, 0x0000000086b00000, 0x0000000086c00000|  0%| F|  |TAMS 0x0000000086b00000, 0x0000000086b00000| Untracked 
|  80|0x0000000086c00000, 0x0000000086c00000, 0x0000000086d00000|  0%| F|  |TAMS 0x0000000086c00000, 0x0000000086c00000| Untracked 
|  81|0x0000000086d00000, 0x0000000086d00000, 0x0000000086e00000|  0%| F|  |TAMS 0x0000000086d00000, 0x0000000086d00000| Untracked 
|  82|0x0000000086e00000, 0x0000000086e00000, 0x0000000086f00000|  0%| F|  |TAMS 0x0000000086e00000, 0x0000000086e00000| Untracked 
|  83|0x0000000086f00000, 0x0000000086f3ae20, 0x0000000087000000| 23%| S|CS|TAMS 0x0000000086f00000, 0x0000000086f00000| Complete 
|  84|0x0000000087000000, 0x0000000087000000, 0x0000000087100000|  0%| F|  |TAMS 0x0000000087000000, 0x0000000087000000| Untracked 
|  85|0x0000000087100000, 0x0000000087100000, 0x0000000087200000|  0%| F|  |TAMS 0x0000000087100000, 0x0000000087100000| Untracked 
|  86|0x0000000087200000, 0x0000000087200000, 0x0000000087300000|  0%| F|  |TAMS 0x0000000087200000, 0x0000000087200000| Untracked 
|  87|0x0000000087300000, 0x0000000087300000, 0x0000000087400000|  0%| F|  |TAMS 0x0000000087300000, 0x0000000087300000| Untracked 
|  88|0x0000000087400000, 0x0000000087400000, 0x0000000087500000|  0%| F|  |TAMS 0x0000000087400000, 0x0000000087400000| Untracked 
|  89|0x0000000087500000, 0x0000000087500000, 0x0000000087600000|  0%| F|  |TAMS 0x0000000087500000, 0x0000000087500000| Untracked 
|  90|0x0000000087600000, 0x0000000087600000, 0x0000000087700000|  0%| F|  |TAMS 0x0000000087600000, 0x0000000087600000| Untracked 
|  91|0x0000000087700000, 0x0000000087700000, 0x0000000087800000|  0%| F|  |TAMS 0x0000000087700000, 0x0000000087700000| Untracked 
|  92|0x0000000087800000, 0x0000000087800000, 0x0000000087900000|  0%| F|  |TAMS 0x0000000087800000, 0x0000000087800000| Untracked 
|  93|0x0000000087900000, 0x0000000087900000, 0x0000000087a00000|  0%| F|  |TAMS 0x0000000087900000, 0x0000000087900000| Untracked 
|  94|0x0000000087a00000, 0x0000000087a00000, 0x0000000087b00000|  0%| F|  |TAMS 0x0000000087a00000, 0x0000000087a00000| Untracked 
|  95|0x0000000087b00000, 0x0000000087b00000, 0x0000000087c00000|  0%| F|  |TAMS 0x0000000087b00000, 0x0000000087b00000| Untracked 
|  96|0x0000000087c00000, 0x0000000087c00000, 0x0000000087d00000|  0%| F|  |TAMS 0x0000000087c00000, 0x0000000087c00000| Untracked 
|  97|0x0000000087d00000, 0x0000000087d00000, 0x0000000087e00000|  0%| F|  |TAMS 0x0000000087d00000, 0x0000000087d00000| Untracked 
|  98|0x0000000087e00000, 0x0000000087e00000, 0x0000000087f00000|  0%| F|  |TAMS 0x0000000087e00000, 0x0000000087e00000| Untracked 
|  99|0x0000000087f00000, 0x0000000087f00000, 0x0000000088000000|  0%| F|  |TAMS 0x0000000087f00000, 0x0000000087f00000| Untracked 
| 100|0x0000000088000000, 0x0000000088000000, 0x0000000088100000|  0%| F|  |TAMS 0x0000000088000000, 0x0000000088000000| Untracked 
| 101|0x0000000088100000, 0x0000000088100000, 0x0000000088200000|  0%| F|  |TAMS 0x0000000088100000, 0x0000000088100000| Untracked 
| 102|0x0000000088200000, 0x0000000088200000, 0x0000000088300000|  0%| F|  |TAMS 0x0000000088200000, 0x0000000088200000| Untracked 
| 103|0x0000000088300000, 0x0000000088300000, 0x0000000088400000|  0%| F|  |TAMS 0x0000000088300000, 0x0000000088300000| Untracked 
| 104|0x0000000088400000, 0x0000000088400000, 0x0000000088500000|  0%| F|  |TAMS 0x0000000088400000, 0x0000000088400000| Untracked 
| 105|0x0000000088500000, 0x0000000088500000, 0x0000000088600000|  0%| F|  |TAMS 0x0000000088500000, 0x0000000088500000| Untracked 
| 106|0x0000000088600000, 0x0000000088600000, 0x0000000088700000|  0%| F|  |TAMS 0x0000000088600000, 0x0000000088600000| Untracked 
| 107|0x0000000088700000, 0x0000000088700000, 0x0000000088800000|  0%| F|  |TAMS 0x0000000088700000, 0x0000000088700000| Untracked 
| 108|0x0000000088800000, 0x0000000088800000, 0x0000000088900000|  0%| F|  |TAMS 0x0000000088800000, 0x0000000088800000| Untracked 
| 109|0x0000000088900000, 0x0000000088900000, 0x0000000088a00000|  0%| F|  |TAMS 0x0000000088900000, 0x0000000088900000| Untracked 
| 110|0x0000000088a00000, 0x0000000088a00000, 0x0000000088b00000|  0%| F|  |TAMS 0x0000000088a00000, 0x0000000088a00000| Untracked 
| 111|0x0000000088b00000, 0x0000000088b00000, 0x0000000088c00000|  0%| F|  |TAMS 0x0000000088b00000, 0x0000000088b00000| Untracked 
| 112|0x0000000088c00000, 0x0000000088c00000, 0x0000000088d00000|  0%| F|  |TAMS 0x0000000088c00000, 0x0000000088c00000| Untracked 
| 113|0x0000000088d00000, 0x0000000088d00000, 0x0000000088e00000|  0%| F|  |TAMS 0x0000000088d00000, 0x0000000088d00000| Untracked 
| 114|0x0000000088e00000, 0x0000000088e00000, 0x0000000088f00000|  0%| F|  |TAMS 0x0000000088e00000, 0x0000000088e00000| Untracked 
| 115|0x0000000088f00000, 0x0000000088f00000, 0x0000000089000000|  0%| F|  |TAMS 0x0000000088f00000, 0x0000000088f00000| Untracked 
| 116|0x0000000089000000, 0x0000000089000000, 0x0000000089100000|  0%| F|  |TAMS 0x0000000089000000, 0x0000000089000000| Untracked 
| 117|0x0000000089100000, 0x0000000089100000, 0x0000000089200000|  0%| F|  |TAMS 0x0000000089100000, 0x0000000089100000| Untracked 
| 118|0x0000000089200000, 0x0000000089200000, 0x0000000089300000|  0%| F|  |TAMS 0x0000000089200000, 0x0000000089200000| Untracked 
| 119|0x0000000089300000, 0x0000000089300000, 0x0000000089400000|  0%| F|  |TAMS 0x0000000089300000, 0x0000000089300000| Untracked 
| 120|0x0000000089400000, 0x0000000089400000, 0x0000000089500000|  0%| F|  |TAMS 0x0000000089400000, 0x0000000089400000| Untracked 
| 121|0x0000000089500000, 0x0000000089500000, 0x0000000089600000|  0%| F|  |TAMS 0x0000000089500000, 0x0000000089500000| Untracked 
| 122|0x0000000089600000, 0x0000000089600000, 0x0000000089700000|  0%| F|  |TAMS 0x0000000089600000, 0x0000000089600000| Untracked 
| 123|0x0000000089700000, 0x0000000089700000, 0x0000000089800000|  0%| F|  |TAMS 0x0000000089700000, 0x0000000089700000| Untracked 
| 124|0x0000000089800000, 0x0000000089800000, 0x0000000089900000|  0%| F|  |TAMS 0x0000000089800000, 0x0000000089800000| Untracked 
| 125|0x0000000089900000, 0x0000000089900000, 0x0000000089a00000|  0%| F|  |TAMS 0x0000000089900000, 0x0000000089900000| Untracked 
| 126|0x0000000089a00000, 0x0000000089a00000, 0x0000000089b00000|  0%| F|  |TAMS 0x0000000089a00000, 0x0000000089a00000| Untracked 
| 127|0x0000000089b00000, 0x0000000089b00000, 0x0000000089c00000|  0%| F|  |TAMS 0x0000000089b00000, 0x0000000089b00000| Untracked 
| 128|0x0000000089c00000, 0x0000000089c00000, 0x0000000089d00000|  0%| F|  |TAMS 0x0000000089c00000, 0x0000000089c00000| Untracked 
| 129|0x0000000089d00000, 0x0000000089d00000, 0x0000000089e00000|  0%| F|  |TAMS 0x0000000089d00000, 0x0000000089d00000| Untracked 
| 130|0x0000000089e00000, 0x0000000089e00000, 0x0000000089f00000|  0%| F|  |TAMS 0x0000000089e00000, 0x0000000089e00000| Untracked 
| 131|0x0000000089f00000, 0x0000000089f00000, 0x000000008a000000|  0%| F|  |TAMS 0x0000000089f00000, 0x0000000089f00000| Untracked 
| 132|0x000000008a000000, 0x000000008a000000, 0x000000008a100000|  0%| F|  |TAMS 0x000000008a000000, 0x000000008a000000| Untracked 
| 133|0x000000008a100000, 0x000000008a100000, 0x000000008a200000|  0%| F|  |TAMS 0x000000008a100000, 0x000000008a100000| Untracked 
| 134|0x000000008a200000, 0x000000008a200000, 0x000000008a300000|  0%| F|  |TAMS 0x000000008a200000, 0x000000008a200000| Untracked 
| 135|0x000000008a300000, 0x000000008a300000, 0x000000008a400000|  0%| F|  |TAMS 0x000000008a300000, 0x000000008a300000| Untracked 
| 136|0x000000008a400000, 0x000000008a400000, 0x000000008a500000|  0%| F|  |TAMS 0x000000008a400000, 0x000000008a400000| Untracked 
| 137|0x000000008a500000, 0x000000008a500000, 0x000000008a600000|  0%| F|  |TAMS 0x000000008a500000, 0x000000008a500000| Untracked 
| 138|0x000000008a600000, 0x000000008a600000, 0x000000008a700000|  0%| F|  |TAMS 0x000000008a600000, 0x000000008a600000| Untracked 
| 139|0x000000008a700000, 0x000000008a700000, 0x000000008a800000|  0%| F|  |TAMS 0x000000008a700000, 0x000000008a700000| Untracked 
| 140|0x000000008a800000, 0x000000008a800000, 0x000000008a900000|  0%| F|  |TAMS 0x000000008a800000, 0x000000008a800000| Untracked 
| 141|0x000000008a900000, 0x000000008a900000, 0x000000008aa00000|  0%| F|  |TAMS 0x000000008a900000, 0x000000008a900000| Untracked 
| 142|0x000000008aa00000, 0x000000008aa00000, 0x000000008ab00000|  0%| F|  |TAMS 0x000000008aa00000, 0x000000008aa00000| Untracked 
| 143|0x000000008ab00000, 0x000000008ab00000, 0x000000008ac00000|  0%| F|  |TAMS 0x000000008ab00000, 0x000000008ab00000| Untracked 
| 144|0x000000008ac00000, 0x000000008ac00000, 0x000000008ad00000|  0%| F|  |TAMS 0x000000008ac00000, 0x000000008ac00000| Untracked 
| 145|0x000000008ad00000, 0x000000008ad00000, 0x000000008ae00000|  0%| F|  |TAMS 0x000000008ad00000, 0x000000008ad00000| Untracked 
| 146|0x000000008ae00000, 0x000000008ae00000, 0x000000008af00000|  0%| F|  |TAMS 0x000000008ae00000, 0x000000008ae00000| Untracked 

Card table byte_map: [0x0000025526c60000,0x0000025527060000] _byte_map_base: 0x0000025526852000

Marking Bits (Prev, Next): (CMBitMap*) 0x000002551bfa8680, (CMBitMap*) 0x000002551bfa8640
 Prev Bits: [0x00000255293f0000, 0x000002552b380000)
 Next Bits: [0x0000025527460000, 0x00000255293f0000)

Polling page: 0x000002551a0e0000

Metaspace:

Usage:
  Non-class:     82.72 MB used.
      Class:     13.78 MB used.
       Both:     96.49 MB used.

Virtual space:
  Non-class space:      104.00 MB reserved,      84.94 MB ( 82%) committed,  13 nodes.
      Class space:        1.00 GB reserved,      15.19 MB (  1%) committed,  1 nodes.
             Both:        1.10 GB reserved,     100.12 MB (  9%) committed. 

Chunk freelists:
   Non-Class:  16.32 MB
       Class:  1.53 MB
        Both:  17.85 MB

MaxMetaspaceSize: unlimited
CompressedClassSpaceSize: 1.00 GB
Initial GC threshold: 21.00 MB
Current GC threshold: 184.81 MB
CDS: on
MetaspaceReclaimPolicy: balanced
 - commit_granule_bytes: 65536.
 - commit_granule_words: 8192.
 - virtual_space_node_default_size: 1048576.
 - enlarge_chunks_in_place: 1.
 - new_chunks_are_fully_committed: 0.
 - uncommit_free_chunks: 1.
 - use_allocation_guard: 0.
 - handle_deallocations: 1.


Internal statistics:

num_allocs_failed_limit: 14.
num_arena_births: 3126.
num_arena_deaths: 1322.
num_vsnodes_births: 14.
num_vsnodes_deaths: 0.
num_space_committed: 1799.
num_space_uncommitted: 197.
num_chunks_returned_to_freelist: 3030.
num_chunks_taken_from_freelist: 9177.
num_chunk_merges: 828.
num_chunk_splits: 5269.
num_chunks_enlarged: 3164.
num_purges: 38.
num_inconsistent_stats: 0.

CodeCache: size=49152Kb used=32666Kb max_used=34162Kb free=16485Kb
 bounds [0x0000025523750000, 0x0000025525930000, 0x0000025526750000]
 total_blobs=20043 nmethods=19319 adapters=649
 compilation: enabled
              stopped_count=0, restarted_count=0
 full_count=0

Compilation events (20 events):
Event: 3142.239 Thread 0x000002552de17540 19331       1       tools.jackson.databind.cfg.MapperConfig::getAnnotationIntrospector (22 bytes)
Event: 3142.240 Thread 0x000002552de17540 nmethod 19331 0x0000025525742d90 code [0x0000025525742f40, 0x0000025525743118]
Event: 3142.240 Thread 0x000002552de17540 19328       1       tools.jackson.databind.util.internal.PrivateMaxEntriesMap$Node::setPrevious (9 bytes)
Event: 3142.240 Thread 0x000002552de17540 nmethod 19328 0x0000025525742a10 code [0x0000025525742ba0, 0x0000025525742cf8]
Event: 3142.275 Thread 0x000002552de17540 19332       1       org.springframework.web.servlet.mvc.condition.ProducesRequestCondition::getExpressionsToCompare (23 bytes)
Event: 3142.275 Thread 0x000002552de17540 nmethod 19332 0x0000025525742690 code [0x0000025525742840, 0x0000025525742988]
Event: 3142.278 Thread 0x000002552de17540 19333       1       org.springframework.http.converter.AbstractHttpMessageConverter::canWrite (22 bytes)
Event: 3142.279 Thread 0x000002552de17540 nmethod 19333 0x0000025525742310 code [0x00000255257424c0, 0x00000255257425f8]
Event: 3142.279 Thread 0x000002552de17540 19334       1       tools.jackson.databind.util.TypeKey::isTyped (5 bytes)
Event: 3142.279 Thread 0x000002552de17540 nmethod 19334 0x0000025525742010 code [0x00000255257421a0, 0x0000025525742278]
Event: 3142.279 Thread 0x000002552de17540 19335       1       tools.jackson.databind.util.TypeKey::getRawType (5 bytes)
Event: 3142.280 Thread 0x000002552de17540 nmethod 19335 0x0000025525741d10 code [0x0000025525741ea0, 0x0000025525741f78]
Event: 3142.280 Thread 0x000002552de17540 19336       1       tools.jackson.databind.util.TypeKey::getType (5 bytes)
Event: 3142.280 Thread 0x000002552de17540 nmethod 19336 0x0000025525741a10 code [0x0000025525741ba0, 0x0000025525741c78]
Event: 3142.280 Thread 0x000002552de17540 19339       1       tools.jackson.databind.util.internal.PrivateMaxEntriesMap$Node::getPrevious (5 bytes)
Event: 3142.280 Thread 0x000002552de17540 nmethod 19339 0x0000025525741710 code [0x00000255257418a0, 0x0000025525741978]
Event: 3142.280 Thread 0x000002552de17540 19337       1       tools.jackson.databind.type.TypeFactory::_fromClass (328 bytes)
Event: 3142.287 Thread 0x000002552de17540 nmethod 19337 0x000002552573f490 code [0x000002552573f840, 0x0000025525740b78]
Event: 3142.287 Thread 0x000002552de17540 19338       1       tools.jackson.databind.type.TypeFactory::_findWellKnownSimple (86 bytes)
Event: 3142.288 Thread 0x000002552de17540 nmethod 19338 0x000002552573ef10 code [0x000002552573f100, 0x000002552573f3b8]

GC Heap History (20 events):
Event: 1928.852 GC heap after
{Heap after GC invocations=115 (full 17):
 garbage-first heap   total 157696K, used 57093K [0x0000000081c00000, 0x0000000100000000)
  region size 1024K, 3 young (3072K), 3 survivors (3072K)
 Metaspace       used 113478K, committed 114944K, reserved 1155072K
  class space    used 15238K, committed 15936K, reserved 1048576K
}
Event: 2213.144 GC heap before
{Heap before GC invocations=115 (full 17):
 garbage-first heap   total 157696K, used 131845K [0x0000000081c00000, 0x0000000100000000)
  region size 1024K, 76 young (77824K), 3 survivors (3072K)
 Metaspace       used 113577K, committed 115136K, reserved 1155072K
  class space    used 15259K, committed 16000K, reserved 1048576K
}
Event: 2213.260 GC heap after
{Heap after GC invocations=116 (full 17):
 garbage-first heap   total 339968K, used 57401K [0x0000000081c00000, 0x0000000100000000)
  region size 1024K, 3 young (3072K), 3 survivors (3072K)
 Metaspace       used 113577K, committed 115136K, reserved 1155072K
  class space    used 15259K, committed 16000K, reserved 1048576K
}
Event: 3086.904 GC heap before
{Heap before GC invocations=116 (full 17):
 garbage-first heap   total 339968K, used 192569K [0x0000000081c00000, 0x0000000100000000)
  region size 1024K, 136 young (139264K), 3 survivors (3072K)
 Metaspace       used 113590K, committed 115136K, reserved 1155072K
  class space    used 15261K, committed 16000K, reserved 1048576K
}
Event: 3091.805 GC heap after
{Heap after GC invocations=117 (full 18):
 garbage-first heap   total 150528K, used 42131K [0x0000000081c00000, 0x0000000100000000)
  region size 1024K, 0 young (0K), 0 survivors (0K)
 Metaspace       used 97357K, committed 102528K, reserved 1155072K
  class space    used 13995K, committed 15552K, reserved 1048576K
}
Event: 3112.620 GC heap before
{Heap before GC invocations=117 (full 18):
 garbage-first heap   total 150528K, used 124051K [0x0000000081c00000, 0x0000000100000000)
  region size 1024K, 81 young (82944K), 0 survivors (0K)
 Metaspace       used 97822K, committed 102528K, reserved 1155072K
  class space    used 14038K, committed 15552K, reserved 1048576K
}
Event: 3112.663 GC heap after
{Heap after GC invocations=118 (full 18):
 garbage-first heap   total 150528K, used 47324K [0x0000000081c00000, 0x0000000100000000)
  region size 1024K, 6 young (6144K), 6 survivors (6144K)
 Metaspace       used 97822K, committed 102528K, reserved 1155072K
  class space    used 14038K, committed 15552K, reserved 1048576K
}
Event: 3112.758 GC heap before
{Heap before GC invocations=118 (full 18):
 garbage-first heap   total 150528K, used 122076K [0x0000000081c00000, 0x0000000100000000)
  region size 1024K, 80 young (81920K), 6 survivors (6144K)
 Metaspace       used 97822K, committed 102528K, reserved 1155072K
  class space    used 14038K, committed 15552K, reserved 1048576K
}
Event: 3112.767 GC heap after
{Heap after GC invocations=119 (full 18):
 garbage-first heap   total 150528K, used 47535K [0x0000000081c00000, 0x0000000100000000)
  region size 1024K, 6 young (6144K), 6 survivors (6144K)
 Metaspace       used 97822K, committed 102528K, reserved 1155072K
  class space    used 14038K, committed 15552K, reserved 1048576K
}
Event: 3120.508 GC heap before
{Heap before GC invocations=119 (full 18):
 garbage-first heap   total 150528K, used 123311K [0x0000000081c00000, 0x0000000100000000)
  region size 1024K, 81 young (82944K), 6 survivors (6144K)
 Metaspace       used 97951K, committed 102528K, reserved 1155072K
  class space    used 14052K, committed 15552K, reserved 1048576K
}
Event: 3120.535 GC heap after
{Heap after GC invocations=120 (full 18):
 garbage-first heap   total 150528K, used 49901K [0x0000000081c00000, 0x0000000100000000)
  region size 1024K, 8 young (8192K), 8 survivors (8192K)
 Metaspace       used 97951K, committed 102528K, reserved 1155072K
  class space    used 14052K, committed 15552K, reserved 1048576K
}
Event: 3137.365 GC heap before
{Heap before GC invocations=120 (full 18):
 garbage-first heap   total 150528K, used 123629K [0x0000000081c00000, 0x0000000100000000)
  region size 1024K, 80 young (81920K), 8 survivors (8192K)
 Metaspace       used 98710K, committed 102528K, reserved 1155072K
  class space    used 14099K, committed 15552K, reserved 1048576K
}
Event: 3138.463 GC heap after
{Heap after GC invocations=121 (full 18):
 garbage-first heap   total 150528K, used 54170K [0x0000000081c00000, 0x0000000100000000)
  region size 1024K, 8 young (8192K), 8 survivors (8192K)
 Metaspace       used 98710K, committed 102528K, reserved 1155072K
  class space    used 14099K, committed 15552K, reserved 1048576K
}
Event: 3138.482 GC heap before
{Heap before GC invocations=121 (full 18):
 garbage-first heap   total 150528K, used 55194K [0x0000000081c00000, 0x0000000100000000)
  region size 1024K, 9 young (9216K), 8 survivors (8192K)
 Metaspace       used 98710K, committed 102528K, reserved 1155072K
  class space    used 14099K, committed 15552K, reserved 1048576K
}
Event: 3138.838 GC heap after
{Heap after GC invocations=122 (full 18):
 garbage-first heap   total 150528K, used 55014K [0x0000000081c00000, 0x0000000100000000)
  region size 1024K, 1 young (1024K), 1 survivors (1024K)
 Metaspace       used 98710K, committed 102528K, reserved 1155072K
  class space    used 14099K, committed 15552K, reserved 1048576K
}
Event: 3157.770 GC heap before
{Heap before GC invocations=122 (full 18):
 garbage-first heap   total 150528K, used 100070K [0x0000000081c00000, 0x0000000100000000)
  region size 1024K, 46 young (47104K), 1 survivors (1024K)
 Metaspace       used 98808K, committed 102528K, reserved 1155072K
  class space    used 14107K, committed 15552K, reserved 1048576K
}
Event: 3157.845 GC heap after
{Heap after GC invocations=123 (full 18):
 garbage-first heap   total 150528K, used 57653K [0x0000000081c00000, 0x0000000100000000)
  region size 1024K, 4 young (4096K), 4 survivors (4096K)
 Metaspace       used 98808K, committed 102528K, reserved 1155072K
  class space    used 14107K, committed 15552K, reserved 1048576K
}
Event: 3160.896 GC heap before
{Heap before GC invocations=123 (full 18):
 garbage-first heap   total 150528K, used 76085K [0x0000000081c00000, 0x0000000100000000)
  region size 1024K, 23 young (23552K), 4 survivors (4096K)
 Metaspace       used 98808K, committed 102528K, reserved 1155072K
  class space    used 14107K, committed 15552K, reserved 1048576K
}
Event: 3160.943 GC heap after
{Heap after GC invocations=124 (full 18):
 garbage-first heap   total 150528K, used 57507K [0x0000000081c00000, 0x0000000100000000)
  region size 1024K, 1 young (1024K), 1 survivors (1024K)
 Metaspace       used 98808K, committed 102528K, reserved 1155072K
  class space    used 14107K, committed 15552K, reserved 1048576K
}
Event: 3161.080 GC heap before
{Heap before GC invocations=124 (full 18):
 garbage-first heap   total 150528K, used 119971K [0x0000000081c00000, 0x0000000100000000)
  region size 1024K, 63 young (64512K), 1 survivors (1024K)
 Metaspace       used 98808K, committed 102528K, reserved 1155072K
  class space    used 14107K, committed 15552K, reserved 1048576K
}

Deoptimization events (20 events):
Event: 3.482 Thread 0x000002552f3ef380 DEOPT PACKING pc=0x0000025523cd0e99 sp=0x00000090b77fc9a0
Event: 3.482 Thread 0x000002552f3ef380 DEOPT UNPACKING pc=0x00000255237a2b43 sp=0x00000090b77fbe80 mode 3
Event: 3.961 Thread 0x000002552f3ef380 DEOPT PACKING pc=0x0000025523e12b55 sp=0x00000090b77fdbd0
Event: 3.961 Thread 0x000002552f3ef380 DEOPT UNPACKING pc=0x00000255237a2b43 sp=0x00000090b77fd080 mode 3
Event: 5.787 Thread 0x000002552f3ef380 DEOPT PACKING pc=0x0000025523ff73c0 sp=0x00000090b77fc0e0
Event: 5.787 Thread 0x000002552f3ef380 DEOPT UNPACKING pc=0x00000255237a2b43 sp=0x00000090b77fb550 mode 3
Event: 5.815 Thread 0x000002552f3ef380 DEOPT PACKING pc=0x0000025524018599 sp=0x00000090b77fc1d0
Event: 5.815 Thread 0x000002552f3ef380 DEOPT UNPACKING pc=0x00000255237a2b43 sp=0x00000090b77fb6b0 mode 3
Event: 6.498 Thread 0x000002552f3ef380 DEOPT PACKING pc=0x00000255240b489d sp=0x00000090b77fc930
Event: 6.498 Thread 0x000002552f3ef380 DEOPT UNPACKING pc=0x00000255237a2b43 sp=0x00000090b77fbe98 mode 3
Event: 9.504 Thread 0x000002552f3ef380 DEOPT PACKING pc=0x00000255242745f4 sp=0x00000090b77fbf90
Event: 9.504 Thread 0x000002552f3ef380 DEOPT UNPACKING pc=0x00000255237a2b43 sp=0x00000090b77fb428 mode 0
Event: 13.895 Thread 0x000002552f3ef380 DEOPT PACKING pc=0x000002552457884c sp=0x00000090b77fc210
Event: 13.895 Thread 0x000002552f3ef380 DEOPT UNPACKING pc=0x00000255237a2b43 sp=0x00000090b77fb6a8 mode 3
Event: 712.337 Thread 0x00000255325d3700 DEOPT PACKING pc=0x0000025524bbe14c sp=0x00000090b6afd370
Event: 712.343 Thread 0x00000255325d3700 DEOPT UNPACKING pc=0x00000255237a2b43 sp=0x00000090b6afca00 mode 3
Event: 924.825 Thread 0x00000255325cf3a0 DEOPT PACKING pc=0x0000025524f4de33 sp=0x00000090b87fa8c0
Event: 924.826 Thread 0x00000255325cf3a0 DEOPT UNPACKING pc=0x00000255237a2b43 sp=0x00000090b87f9de8 mode 3
Event: 2111.174 Thread 0x00000255325cf3a0 DEOPT PACKING pc=0x00000255255a2c9b sp=0x00000090b82fa420
Event: 2111.180 Thread 0x00000255325cf3a0 DEOPT UNPACKING pc=0x00000255237a2b43 sp=0x00000090b82f9940 mode 3

Classes unloaded (20 events):
Event: 3088.470 Thread 0x000002552ddfa330 Unloading class 0x0000000801967178 'apartmentsmanager/apartmentsmanager/controller/PublicController'
Event: 3088.470 Thread 0x000002552ddfa330 Unloading class 0x0000000801966f30 'apartmentsmanager/apartmentsmanager/controller/PaymentController'
Event: 3088.470 Thread 0x000002552ddfa330 Unloading class 0x0000000801966ce8 'apartmentsmanager/apartmentsmanager/controller/MainController'
Event: 3088.470 Thread 0x000002552ddfa330 Unloading class 0x0000000801966ad0 'apartmentsmanager/apartmentsmanager/controller/InquiryController'
Event: 3088.470 Thread 0x000002552ddfa330 Unloading class 0x00000008019668a8 'apartmentsmanager/apartmentsmanager/controller/ExcelController'
Event: 3088.470 Thread 0x000002552ddfa330 Unloading class 0x0000000801966690 'apartmentsmanager/apartmentsmanager/controller/ContractController'
Event: 3088.470 Thread 0x000002552ddfa330 Unloading class 0x0000000801966450 'apartmentsmanager/apartmentsmanager/controller/ClientController'
Event: 3088.471 Thread 0x000002552ddfa330 Unloading class 0x0000000801966228 'apartmentsmanager/apartmentsmanager/controller/BuildingController'
Event: 3088.472 Thread 0x000002552ddfa330 Unloading class 0x0000000801966000 'apartmentsmanager/apartmentsmanager/controller/AuthController'
Event: 3088.472 Thread 0x000002552ddfa330 Unloading class 0x0000000801729800 'apartmentsmanager/apartmentsmanager/controller/ApartmentController'
Event: 3088.475 Thread 0x000002552ddfa330 Unloading class 0x00000008015e1400 'apartmentsmanager/apartmentsmanager/controller/AgentController'
Event: 3088.475 Thread 0x000002552ddfa330 Unloading class 0x000000080173c000 'apartmentsmanager/apartmentsmanager/controller/AdminController'
Event: 3088.475 Thread 0x000002552ddfa330 Unloading class 0x000000080173dc20 'apartmentsmanager/apartmentsmanager/config/WebConfig'
Event: 3088.476 Thread 0x000002552ddfa330 Unloading class 0x000000080173da00 'apartmentsmanager/apartmentsmanager/config/SecurityConfig'
Event: 3088.476 Thread 0x000002552ddfa330 Unloading class 0x000000080173d800 'apartmentsmanager/apartmentsmanager/ApartmentsManagerApplication'
Event: 3088.488 Thread 0x000002552ddfa330 Unloading class 0x0000000800fa4400 'jdk/internal/reflect/GeneratedConstructorAccessor12'
Event: 3088.490 Thread 0x000002552ddfa330 Unloading class 0x0000000800f9e000 'jdk/internal/reflect/GeneratedConstructorAccessor10'
Event: 3088.491 Thread 0x000002552ddfa330 Unloading class 0x0000000800f9dc00 'jdk/internal/reflect/GeneratedConstructorAccessor9'
Event: 3088.491 Thread 0x000002552ddfa330 Unloading class 0x0000000800f9d800 'jdk/internal/reflect/GeneratedConstructorAccessor8'
Event: 3088.491 Thread 0x000002552ddfa330 Unloading class 0x0000000800f94800 'jdk/internal/reflect/GeneratedConstructorAccessor7'

Classes redefined (0 events):
No events

Internal exceptions (20 events):
Event: 3113.109 Thread 0x0000025535e5aa00 Exception <a 'sun/nio/fs/WindowsException'{0x0000000088addf40}> (0x0000000088addf40) 
thrown [t:\workspace\open\src\hotspot\share\prims\jni.cpp, line 516]
Event: 3113.319 Thread 0x0000025535e5aa00 Exception <a 'java/io/FileNotFoundException'{0x0000000088937268}> (0x0000000088937268) 
thrown [t:\workspace\open\src\hotspot\share\prims\jni.cpp, line 516]
Event: 3114.855 Thread 0x0000025535e5aa00 Exception <a 'sun/nio/fs/WindowsException'{0x0000000087eae280}> (0x0000000087eae280) 
thrown [t:\workspace\open\src\hotspot\share\prims\jni.cpp, line 516]
Event: 3130.637 Thread 0x0000025535e5aa00 Exception <a 'java/lang/reflect/InvocationTargetException'{0x0000000089b441e0}> (0x0000000089b441e0) 
thrown [t:\workspace\open\src\hotspot\share\runtime\reflection.cpp, line 1121]
Event: 3131.721 Thread 0x0000025535e5aa00 Exception <a 'java/lang/reflect/InvocationTargetException'{0x0000000089b4d2f0}> (0x0000000089b4d2f0) 
thrown [t:\workspace\open\src\hotspot\share\runtime\reflection.cpp, line 1121]
Event: 3131.723 Thread 0x0000025535e5aa00 Exception <a 'java/lang/reflect/InvocationTargetException'{0x0000000089b54ea8}> (0x0000000089b54ea8) 
thrown [t:\workspace\open\src\hotspot\share\runtime\reflection.cpp, line 1121]
Event: 3131.723 Thread 0x0000025535e5aa00 Exception <a 'java/lang/reflect/InvocationTargetException'{0x0000000089b5bde8}> (0x0000000089b5bde8) 
thrown [t:\workspace\open\src\hotspot\share\runtime\reflection.cpp, line 1121]
Event: 3131.724 Thread 0x0000025535e5aa00 Exception <a 'java/lang/reflect/InvocationTargetException'{0x0000000089b64920}> (0x0000000089b64920) 
thrown [t:\workspace\open\src\hotspot\share\runtime\reflection.cpp, line 1121]
Event: 3133.090 Thread 0x0000025535e5aa00 Exception <a 'java/lang/reflect/InvocationTargetException'{0x00000000898f7dd0}> (0x00000000898f7dd0) 
thrown [t:\workspace\open\src\hotspot\share\runtime\reflection.cpp, line 1121]
Event: 3133.105 Thread 0x0000025535e5aa00 Exception <a 'java/lang/reflect/InvocationTargetException'{0x00000000898ffb98}> (0x00000000898ffb98) 
thrown [t:\workspace\open\src\hotspot\share\runtime\reflection.cpp, line 1121]
Event: 3133.107 Thread 0x0000025535e5aa00 Exception <a 'java/lang/reflect/InvocationTargetException'{0x0000000089708d10}> (0x0000000089708d10) 
thrown [t:\workspace\open\src\hotspot\share\runtime\reflection.cpp, line 1121]
Event: 3134.174 Thread 0x0000025535e5aa00 Exception <a 'java/lang/reflect/InvocationTargetException'{0x00000000894fa620}> (0x00000000894fa620) 
thrown [t:\workspace\open\src\hotspot\share\runtime\reflection.cpp, line 1121]
Event: 3134.175 Thread 0x0000025535e5aa00 Exception <a 'java/lang/reflect/InvocationTargetException'{0x000000008930d208}> (0x000000008930d208) 
thrown [t:\workspace\open\src\hotspot\share\runtime\reflection.cpp, line 1121]
Event: 3134.177 Thread 0x0000025535e5aa00 Exception <a 'java/lang/reflect/InvocationTargetException'{0x0000000089315258}> (0x0000000089315258) 
thrown [t:\workspace\open\src\hotspot\share\runtime\reflection.cpp, line 1121]
Event: 3134.376 Thread 0x0000025535e5aa00 Exception <a 'java/lang/reflect/InvocationTargetException'{0x0000000089327ec8}> (0x0000000089327ec8) 
thrown [t:\workspace\open\src\hotspot\share\runtime\reflection.cpp, line 1121]
Event: 3135.198 Thread 0x0000025535e5aa00 Exception <a 'java/lang/reflect/InvocationTargetException'{0x00000000893618c0}> (0x00000000893618c0) 
thrown [t:\workspace\open\src\hotspot\share\runtime\reflection.cpp, line 1121]
Event: 3135.202 Thread 0x0000025535e5aa00 Exception <a 'java/lang/reflect/InvocationTargetException'{0x000000008936d720}> (0x000000008936d720) 
thrown [t:\workspace\open\src\hotspot\share\runtime\reflection.cpp, line 1121]
Event: 3135.228 Thread 0x0000025535e5aa00 Exception <a 'java/lang/reflect/InvocationTargetException'{0x0000000089385120}> (0x0000000089385120) 
thrown [t:\workspace\open\src\hotspot\share\runtime\reflection.cpp, line 1121]
Event: 3135.248 Thread 0x0000025535e5aa00 Exception <a 'java/lang/reflect/InvocationTargetException'{0x0000000089399c58}> (0x0000000089399c58) 
thrown [t:\workspace\open\src\hotspot\share\runtime\reflection.cpp, line 1121]
Event: 3136.969 Thread 0x0000025535e5aa00 Exception <a 'sun/nio/fs/WindowsException'{0x00000000873c4b38}> (0x00000000873c4b38) 
thrown [t:\workspace\open\src\hotspot\share\prims\jni.cpp, line 516]

VM Operations (20 events):
Event: 3139.025 Executing VM operation: ICBufferFull done
Event: 3139.037 Executing VM operation: ICBufferFull
Event: 3139.037 Executing VM operation: ICBufferFull done
Event: 3139.073 Executing VM operation: ICBufferFull
Event: 3139.073 Executing VM operation: ICBufferFull done
Event: 3140.085 Executing VM operation: Cleanup
Event: 3140.085 Executing VM operation: Cleanup done
Event: 3141.095 Executing VM operation: Cleanup
Event: 3141.095 Executing VM operation: Cleanup done
Event: 3142.100 Executing VM operation: Cleanup
Event: 3142.100 Executing VM operation: Cleanup done
Event: 3143.111 Executing VM operation: Cleanup
Event: 3143.111 Executing VM operation: Cleanup done
Event: 3157.480 Executing VM operation: Cleanup
Event: 3157.723 Executing VM operation: Cleanup done
Event: 3157.770 Executing VM operation: G1CollectForAllocation
Event: 3160.868 Executing VM operation: G1CollectForAllocation done
Event: 3160.896 Executing VM operation: G1CollectForAllocation
Event: 3160.943 Executing VM operation: G1CollectForAllocation done
Event: 3161.080 Executing VM operation: G1CollectForAllocation

Events (20 events):
Event: 3123.583 Thread 0x0000025535e57eb0 Thread added: 0x0000025535e57eb0
Event: 3123.832 Thread 0x0000025535e58850 Thread added: 0x0000025535e58850
Event: 3124.142 Thread 0x00000255333c8170 Thread exited: 0x00000255333c8170
Event: 3127.375 Thread 0x00000255333c3070 Thread exited: 0x00000255333c3070
Event: 3129.600 Thread 0x0000025535e58850 Thread exited: 0x0000025535e58850
Event: 3139.504 Thread 0x0000025535e58380 Thread added: 0x0000025535e58380
Event: 3139.697 Thread 0x0000025535e59b90 Thread added: 0x0000025535e59b90
Event: 3139.697 Thread 0x0000025535e58850 Thread added: 0x0000025535e58850
Event: 3139.697 Thread 0x0000025535e58d20 Thread added: 0x0000025535e58d20
Event: 3139.697 Thread 0x00000255325d0bb0 Thread added: 0x00000255325d0bb0
Event: 3139.697 Thread 0x00000255325d40a0 Thread added: 0x00000255325d40a0
Event: 3139.698 Thread 0x00000255325d1080 Thread added: 0x00000255325d1080
Event: 3139.698 Thread 0x00000255325d0210 Thread added: 0x00000255325d0210
Event: 3139.698 Thread 0x00000255325d2890 Thread added: 0x00000255325d2890
Event: 3139.698 Thread 0x00000255325d3230 Thread added: 0x00000255325d3230
Event: 3139.698 Thread 0x00000255325d1a20 Thread added: 0x00000255325d1a20
Event: 3139.933 Thread 0x00000255325d1ef0 Thread added: 0x00000255325d1ef0
Event: 3139.950 Thread 0x00000255325d4f10 Thread added: 0x00000255325d4f10
Event: 3140.078 Thread 0x0000025535e5aa00 Thread exited: 0x0000025535e5aa00
Event: 3140.078 Thread 0x0000025535e591f0 Thread exited: 0x0000025535e591f0


Dynamic libraries:
0x00007ff78c3c0000 - 0x00007ff78c3d0000 	C:\Program Files\Java\jdk-17.0.1\bin\java.exe
0x00007ffd26ef0000 - 0x00007ffd27107000 	C:\WINDOWS\SYSTEM32\ntdll.dll
0x00007ffd261e0000 - 0x00007ffd262a4000 	C:\WINDOWS\System32\KERNEL32.DLL
0x00007ffd24270000 - 0x00007ffd24643000 	C:\WINDOWS\System32\KERNELBASE.dll
0x00007ffd23fe0000 - 0x00007ffd240f1000 	C:\WINDOWS\System32\ucrtbase.dll
0x00007ffd1d920000 - 0x00007ffd1d938000 	C:\Program Files\Java\jdk-17.0.1\bin\jli.dll
0x00007ffd1d900000 - 0x00007ffd1d91a000 	C:\Program Files\Java\jdk-17.0.1\bin\VCRUNTIME140.dll
0x00007ffd263d0000 - 0x00007ffd26481000 	C:\WINDOWS\System32\ADVAPI32.dll
0x00007ffd25d40000 - 0x00007ffd25de7000 	C:\WINDOWS\System32\msvcrt.dll
0x00007ffd26d60000 - 0x00007ffd26e07000 	C:\WINDOWS\System32\sechost.dll
0x00007ffd24900000 - 0x00007ffd24928000 	C:\WINDOWS\System32\bcrypt.dll
0x00007ffd264b0000 - 0x00007ffd265c4000 	C:\WINDOWS\System32\RPCRT4.dll
0x00007ffd257e0000 - 0x00007ffd25991000 	C:\WINDOWS\System32\USER32.dll
0x00007ffd24650000 - 0x00007ffd24676000 	C:\WINDOWS\System32\win32u.dll
0x00007ffcfe2b0000 - 0x00007ffcfe54b000 	C:\WINDOWS\WinSxS\amd64_microsoft.windows.common-controls_6595b64144ccf1df_6.0.22621.5262_none_2712bde373830908\COMCTL32.dll
0x00007ffd260a0000 - 0x00007ffd260c9000 	C:\WINDOWS\System32\GDI32.dll
0x00007ffd249d0000 - 0x00007ffd24af2000 	C:\WINDOWS\System32\gdi32full.dll
0x00007ffd24930000 - 0x00007ffd249ca000 	C:\WINDOWS\System32\msvcp_win.dll
0x00007ffd20260000 - 0x00007ffd2026a000 	C:\WINDOWS\SYSTEM32\VERSION.dll
0x00007ffd24ca0000 - 0x00007ffd24cd1000 	C:\WINDOWS\System32\IMM32.DLL
0x00007ffd1d880000 - 0x00007ffd1d88c000 	C:\Program Files\Java\jdk-17.0.1\bin\vcruntime140_1.dll
0x00007ffcdb790000 - 0x00007ffcdb81d000 	C:\Program Files\Java\jdk-17.0.1\bin\msvcp140.dll
0x00007ffc7b390000 - 0x00007ffc7bf4e000 	C:\Program Files\Java\jdk-17.0.1\bin\server\jvm.dll
0x00007ffd26d50000 - 0x00007ffd26d58000 	C:\WINDOWS\System32\PSAPI.DLL
0x00007ffd20ec0000 - 0x00007ffd20ec9000 	C:\WINDOWS\SYSTEM32\WSOCK32.dll
0x00007ffd26e30000 - 0x00007ffd26ea1000 	C:\WINDOWS\System32\WS2_32.dll
0x00007ffd1ff20000 - 0x00007ffd1ff54000 	C:\WINDOWS\SYSTEM32\WINMM.dll
0x00007ffd230d0000 - 0x00007ffd230e8000 	C:\WINDOWS\SYSTEM32\kernel.appcore.dll
0x00007ffd1d860000 - 0x00007ffd1d86a000 	C:\Program Files\Java\jdk-17.0.1\bin\jimage.dll
0x00007ffd18990000 - 0x00007ffd18bc2000 	C:\WINDOWS\SYSTEM32\DBGHELP.DLL
0x00007ffd259a0000 - 0x00007ffd25d33000 	C:\WINDOWS\System32\combase.dll
0x00007ffd26730000 - 0x00007ffd26807000 	C:\WINDOWS\System32\OLEAUT32.dll
0x00007ffd1fee0000 - 0x00007ffd1ff12000 	C:\WINDOWS\SYSTEM32\dbgcore.DLL
0x00007ffd24880000 - 0x00007ffd248fb000 	C:\WINDOWS\System32\bcryptPrimitives.dll
0x00007ffd1d850000 - 0x00007ffd1d85e000 	C:\Program Files\Java\jdk-17.0.1\bin\instrument.dll
0x00007ffd08d40000 - 0x00007ffd08d65000 	C:\Program Files\Java\jdk-17.0.1\bin\java.dll
0x00007ffcdae90000 - 0x00007ffcdaf66000 	C:\Program Files\Java\jdk-17.0.1\bin\svml.dll
0x00007ffd24d70000 - 0x00007ffd2560d000 	C:\WINDOWS\System32\SHELL32.dll
0x00007ffd24680000 - 0x00007ffd247bf000 	C:\WINDOWS\System32\wintypes.dll
0x00007ffd21ee0000 - 0x00007ffd227fd000 	C:\WINDOWS\SYSTEM32\windows.storage.dll
0x00007ffd260d0000 - 0x00007ffd261db000 	C:\WINDOWS\System32\SHCORE.dll
0x00007ffd25df0000 - 0x00007ffd25e56000 	C:\WINDOWS\System32\shlwapi.dll
0x00007ffd23f10000 - 0x00007ffd23f3b000 	C:\WINDOWS\SYSTEM32\profapi.dll
0x00007ffd08d00000 - 0x00007ffd08d18000 	C:\Program Files\Java\jdk-17.0.1\bin\zip.dll
0x00007ffd1bbe0000 - 0x00007ffd1bbf9000 	C:\Program Files\Java\jdk-17.0.1\bin\net.dll
0x00007ffd1d5e0000 - 0x00007ffd1d70c000 	C:\WINDOWS\SYSTEM32\WINHTTP.dll
0x00007ffd23550000 - 0x00007ffd235ba000 	C:\WINDOWS\system32\mswsock.dll
0x00007ffd0b640000 - 0x00007ffd0b655000 	C:\Program Files\Java\jdk-17.0.1\bin\nio.dll
0x00007ffd22b40000 - 0x00007ffd22c38000 	C:\WINDOWS\SYSTEM32\DNSAPI.dll
0x00007ffd22ad0000 - 0x00007ffd22afd000 	C:\WINDOWS\SYSTEM32\IPHLPAPI.DLL
0x00007ffd24ce0000 - 0x00007ffd24ce9000 	C:\WINDOWS\System32\NSI.dll
0x00007ffd15360000 - 0x00007ffd1536a000 	C:\Windows\System32\rasadhlp.dll
0x00007ffd00eb0000 - 0x00007ffd00f33000 	C:\WINDOWS\System32\fwpuclnt.dll
0x00007ffd1d840000 - 0x00007ffd1d849000 	C:\Program Files\Java\jdk-17.0.1\bin\management.dll
0x00007ffd19220000 - 0x00007ffd1922b000 	C:\Program Files\Java\jdk-17.0.1\bin\management_ext.dll
0x00007ffd237f0000 - 0x00007ffd2380b000 	C:\WINDOWS\SYSTEM32\CRYPTSP.dll
0x00007ffd23030000 - 0x00007ffd23067000 	C:\WINDOWS\system32\rsaenh.dll
0x00007ffd23660000 - 0x00007ffd23688000 	C:\WINDOWS\SYSTEM32\USERENV.dll
0x00007ffd237e0000 - 0x00007ffd237ec000 	C:\WINDOWS\SYSTEM32\CRYPTBASE.dll
0x00007ffd0e070000 - 0x00007ffd0e089000 	C:\WINDOWS\SYSTEM32\dhcpcsvc6.DLL
0x00007ffd15340000 - 0x00007ffd1535f000 	C:\WINDOWS\SYSTEM32\dhcpcsvc.DLL
0x00007ffd0e9c0000 - 0x00007ffd0e9d7000 	C:\WINDOWS\system32\napinsp.dll
0x00007ffd0e9a0000 - 0x00007ffd0e9bb000 	C:\WINDOWS\system32\pnrpnsp.dll
0x00007ffd0e980000 - 0x00007ffd0e991000 	C:\WINDOWS\System32\winrnr.dll
0x00007ffd0e960000 - 0x00007ffd0e97f000 	C:\WINDOWS\system32\wshbth.dll
0x00007ffd0e930000 - 0x00007ffd0e951000 	C:\WINDOWS\system32\nlansp_c.dll
0x00007ffd1f890000 - 0x00007ffd1f8e0000 	C:\WINDOWS\SYSTEM32\pdh.dll
0x00007ffd0b680000 - 0x00007ffd0b691000 	C:\WINDOWS\System32\perfproc.dll
0x00007ffd191e0000 - 0x00007ffd191ee000 	C:\Program Files\Java\jdk-17.0.1\bin\sunmscapi.dll
0x00007ffd24100000 - 0x00007ffd24267000 	C:\WINDOWS\System32\CRYPT32.dll
0x00007ffd23980000 - 0x00007ffd239ad000 	C:\WINDOWS\SYSTEM32\ncrypt.dll
0x00007ffd23940000 - 0x00007ffd23977000 	C:\WINDOWS\SYSTEM32\NTASN1.dll
0x00007ffcabec0000 - 0x00007ffcabec8000 	C:\WINDOWS\system32\wshunix.dll

dbghelp: loaded successfully - version: 4.0.5 - missing functions: none
symbol engine: initialized successfully - sym options: 0x614 - pdb path: .;C:\Program Files\Java\jdk-17.0.1\bin;C:\WINDOWS\SYSTEM32;C:\WINDOWS\WinSxS\amd64_microsoft.windows.common-controls_6595b64144ccf1df_6.0.22621.5262_none_2712bde373830908;C:\Program Files\Java\jdk-17.0.1\bin\server

VM Arguments:
jvm_args: -XX:TieredStopAtLevel=1 -Dspring.output.ansi.enabled=always -Dcom.sun.management.jmxremote -Dspring.jmx.enabled=true -Dspring.liveBeansView.mbeanDomain -Dspring.application.admin.enabled=true -Dmanagement.endpoints.jmx.exposure.include=* -javaagent:C:\Program Files\JetBrains\IntelliJ IDEA 2025.1\lib\idea_rt.jar=56958 -Dfile.encoding=UTF-8 
java_command: apartmentsmanager.apartmentsmanager.ApartmentsManagerApplication
java_class_path (initial): C:\Users\dimo\AppData\Local\Temp\apartments-manager\target\classes;C:\Users\dimo\.m2\repository\org\springframework\boot\spring-boot-starter-data-jpa\4.0.1\spring-boot-starter-data-jpa-4.0.1.jar;C:\Users\dimo\.m2\repository\org\springframework\boot\spring-boot-starter\4.0.1\spring-boot-starter-4.0.1.jar;C:\Users\dimo\.m2\repository\org\springframework\boot\spring-boot-starter-logging\4.0.1\spring-boot-starter-logging-4.0.1.jar;C:\Users\dimo\.m2\repository\ch\qos\logback\logback-classic\1.5.22\logback-classic-1.5.22.jar;C:\Users\dimo\.m2\repository\ch\qos\logback\logback-core\1.5.22\logback-core-1.5.22.jar;C:\Users\dimo\.m2\repository\org\apache\logging\log4j\log4j-to-slf4j\2.25.3\log4j-to-slf4j-2.25.3.jar;C:\Users\dimo\.m2\repository\org\slf4j\jul-to-slf4j\2.0.17\jul-to-slf4j-2.0.17.jar;C:\Users\dimo\.m2\repository\jakarta\annotation\jakarta.annotation-api\3.0.0\jakarta.annotation-api-3.0.0.jar;C:\Users\dimo\.m2\repository\org\yaml\snakeyaml\2.5\snakeyaml-2.5.jar;C:\Users\dimo\.m2\repository\org\springframework\boot\spring-boot-starter-jdbc\4.0.1\spring-boot-starter-jdbc-4.0.1.jar;C:\Users\dimo\.m2\repository\com\zaxxer\HikariCP\7.0.2\HikariCP-7.0.2.jar;C:\Users\dimo\.m2\repository\org\springframework\boot\spring-boot-data-jpa\4.0.1\spring-boot-data-jpa-4.0.1.jar;C:\Users\dimo\.m2\repository\org\springframework\boot\spring-boot-data-commons\4.0.1\spring-boot-data-commons-4.0.1.jar;C:\Users\dimo\.m2\repository\org\springframework\boot\spring-boot-persistence\4.0.1\spring-boot-persistence-4.0.1.jar;C:\Users\dimo\.m2\repository\org\springframework\data\spring-data-commons\4.0.1\spring-data-commons-4.0.1.jar;C:\Users\dimo\.m2\repository\org\springframework\boot\spring-boot-hibernate\4.0.1\spring-boot-hibernate-4.0.1.jar;C:\Users\dimo\.m2\repository\org\springframework\boot\spring-boot-jpa\4.0.1\spring-boot-jpa-4.0.1.jar;C:\Users\dimo\.m2\repository\jakarta\persistence\jakarta.persistence-api\3.2.0\jakarta.persistence-api-3.2.0.jar;C:\Users\d
Launcher Type: SUN_STANDARD

[Global flags]
     intx CICompilerCount                          = 4                                         {product} {ergonomic}
     uint ConcGCThreads                            = 2                                         {product} {ergonomic}
     uint G1ConcRefinementThreads                  = 8                                         {product} {ergonomic}
   size_t G1HeapRegionSize                         = 1048576                                   {product} {ergonomic}
    uintx GCDrainStackTargetSize                   = 64                                        {product} {ergonomic}
   size_t InitialHeapSize                          = 134217728                                 {product} {ergonomic}
     bool ManagementServer                         = true                                      {product} {command line}
   size_t MarkStackSize                            = 4194304                                   {product} {ergonomic}
   size_t MaxHeapSize                              = 2118123520                                {product} {ergonomic}
   size_t MaxNewSize                               = 1270874112                                {product} {ergonomic}
   size_t MinHeapDeltaBytes                        = 1048576                                   {product} {ergonomic}
   size_t MinHeapSize                              = 8388608                                   {product} {ergonomic}
    uintx NonProfiledCodeHeapSize                  = 0                                      {pd product} {ergonomic}
     bool ProfileInterpreter                       = false                                  {pd product} {command line}
    uintx ProfiledCodeHeapSize                     = 0                                      {pd product} {ergonomic}
   size_t SoftMaxHeapSize                          = 2118123520                             {manageable} {ergonomic}
     intx TieredStopAtLevel                        = 1                                         {product} {command line}
     bool UseCompressedClassPointers               = true                           {product lp64_product} {ergonomic}
     bool UseCompressedOops                        = true                           {product lp64_product} {ergonomic}
     bool UseG1GC                                  = true                                      {product} {ergonomic}
     bool UseLargePagesIndividualAllocation        = false                                  {pd product} {ergonomic}

Logging:
Log output configuration:
 #0: stdout all=warning uptime,level,tags
 #1: stderr all=off uptime,level,tags

Environment Variables:
PATH=C:\Python312\Scripts\;C:\Python312\;C:\Program Files (x86)\Microsoft SDKs\Azure\CLI2\wbin;C:\Python311\Scripts\;C:\Python311\;C:\Python310\Scripts\;C:\Python310\;C:\Program Files\Common Files\Oracle\Java\javapath;C:\ProgramData\Oracle\Java\javapath;C:\Program Files (x86)\Intel\iCLS Client\;C:\Program Files\Intel\iCLS Client\;C:\WINDOWS\system32;C:\WINDOWS;C:\WINDOWS\System32\Wbem;C:\WINDOWS\System32\WindowsPowerShell\v1.0\;C:\Program Files (x86)\Intel\Intel(R) Management Engine Components\DAL;C:\Program Files\Intel\Intel(R) Management Engine Components\DAL;C:\Program Files (x86)\Intel\Intel(R) Management Engine Components\IPT;C:\Program Files\Intel\Intel(R) Management Engine Components\IPT;C:\Program Files\Microsoft SQL Server\130\Tools\Binn\;C:\Users\graks\AppData\Local\Android\Sdk\tools\lib\x86_64;C:\Program Files\PuTTY\;C:\WINDOWS\System32\OpenSSH\;C:\sqlite;C:\Program Files\Intel\WiFi\bin\;C:\Program Files\Common Files\Intel\WirelessCommon\;'C:\Program Files (x86)\Graphviz2.38\bin;C:\Spark\spark-2.4.4-bin-hadoop2.7\bin;C:\Program Files\Microsoft SQL Server\Client SDK\ODBC\130\Tools\Binn\;C:\Program Files (x86)\Microsoft SQL Server\140\Tools\Binn\;C:\Program Files\Microsoft SQL Server\140\Tools\Binn\;C:\Program Files\Microsoft SQL Server\140\DTS\Binn\;C:\Program Files (x86)\Microsoft SQL Server\150\DTS\Binn\;C:\Program Files\Git\cmd;C:\ProgramData\chocolatey\bin;C:\Program Files\MongoDB\Server\6.0\bin;C:\Program Files\MongoDB\Server\6.0\bin;C:\mongoShell\mongosh-1.8.0-win32-x64\bin;C:\Program Files\Microsoft SQL Server\150\Tools\Binn\;C:\Program Files\Microsoft SQL Server\Client SDK\ODBC\170\Tools\Binn\;C:\Program Files\Docker\Docker\resources\bin;C:\Program Files\nodejs\;C:\Program Files (x86)\apache-maven-3.9.9-bin\apache-maven-3.9.9\bin;C:\Users\dimo\AppData\Local\Programs\Microsoft VS Code\bin;C:\Program Files\PowerShell\7\;c:\Users\dimo\AppData\Local\Programs\cursor\resources\app\codeBin;C:\Users\dimo\AppData\Roaming\npm;C:\Users\dimo\AppData\Local\Program
USERNAME=dimo
OS=Windows_NT
PROCESSOR_IDENTIFIER=Intel64 Family 6 Model 142 Stepping 10, GenuineIntel



---------------  S Y S T E M  ---------------

OS:
 Windows 10 , 64 bit Build 22621 (10.0.22621.5262)
OS uptime: 1 days 3:03 hours
Hyper-V role detected

CPU: total 8 (initial active 8) (4 cores per cpu, 2 threads per core) family 6 model 142 stepping 10 microcode 0xe0, cx8, cmov, fxsr, ht, mmx, 3dnowpref, sse, sse2, sse3, ssse3, sse4.1, sse4.2, popcnt, lzcnt, tsc, tscinvbit, avx, avx2, aes, erms, clmul, bmi1, bmi2, adx, fma, vzeroupper, clflush, clflushopt, hv

Memory: 4k page, system-wide physical 8078M (334M free)
TotalPageFile size 19884M (AvailPageFile size 211M)
current process WorkingSet (physical memory assigned to process): 127M, peak: 472M
current process commit charge ("private bytes"): 424M, peak: 715M

vm_info: Java HotSpot(TM) 64-Bit Server VM (17.0.1+12-LTS-39) for windows-amd64 JRE (17.0.1+12-LTS-39), built on Sep 27 2021 18:41:35 by "mach5one" with MS VC++ 16.8 (VS2019)

END.
